<?xml version="1.0" encoding="UTF-8"?>
<testng-results ignored="0" total="1" passed="1" failed="0" skipped="0">
  <reporter-output>
  </reporter-output>
  <suite started-at="2025-10-23T23:52:09 IST" name="Default suite" finished-at="2025-10-23T23:52:14 IST" duration-ms="4747">
    <groups>
    </groups>
    <test started-at="2025-10-23T23:52:09 IST" name="Default test" finished-at="2025-10-23T23:52:14 IST" duration-ms="4747">
      <class name="com.syn.tests.Testng">
        <test-method is-config="true" signature="setUp()[pri:0, instance:com.syn.tests.Testng@5c5eefef]" started-at="2025-10-23T23:52:09 IST" name="setUp" finished-at="2025-10-23T23:52:12 IST" duration-ms="2912" status="PASS">
          <reporter-output>
          </reporter-output>
        </test-method> <!-- setUp -->
        <test-method signature="test(java.lang.String,java.lang.String,java.lang.String,java.lang.String,java.lang.String)[pri:0, instance:com.syn.tests.Testng@5c5eefef]" started-at="2025-10-23T23:52:13 IST" name="test" data-provider="Data" finished-at="2025-10-23T23:52:14 IST" duration-ms="999" status="PASS">
          <params>
            <param index="0">
              <value>
                <![CDATA[standard_user]]>
              </value>
            </param>
            <param index="1">
              <value>
                <![CDATA[secret_sauce]]>
              </value>
            </param>
            <param index="2">
              <value>
                <![CDATA[Karthik]]>
              </value>
            </param>
            <param index="3">
              <value>
                <![CDATA[G]]>
              </value>
            </param>
            <param index="4">
              <value>
                <![CDATA[524001]]>
              </value>
            </param>
          </params>
          <reporter-output>
          </reporter-output>
        </test-method> <!-- test -->
        <test-method is-config="true" signature="Logout()[pri:0, instance:com.syn.tests.Testng@5c5eefef]" started-at="2025-10-23T23:52:14 IST" name="Logout" finished-at="2025-10-23T23:52:14 IST" duration-ms="211" status="PASS">
          <reporter-output>
          </reporter-output>
        </test-method> <!-- Logout -->
      </class> <!-- com.syn.tests.Testng -->
    </test> <!-- Default test -->
  </suite> <!-- Default suite -->
</testng-results>
